<?xml version="1.0" encoding="UTF-8"?>
<!-- Generated by org.testng.reporters.JUnitXMLReporter -->
<testsuite ignored="0" hostname="DESKTOP-AJ93L61" failures="1" tests="5" name="Login Smoke Tests" time="4.248" errors="0" timestamp="2026-05-24T16:46:03 PKT">
  <testcase classname="io.cucumber.testng.AbstractTestNGCucumberTests" name="runScenario" time="2.002"/>
  <testcase classname="io.cucumber.testng.AbstractTestNGCucumberTests" name="runScenario" time="0.083">
    <failure type="java.lang.AssertionError" message="expected [401] but found [400]">
      <![CDATA[java.lang.AssertionError: expected [401] but found [400]
at validations.LoginValidation.validateStatusCode(LoginValidation.java:10)
at stepdefinitions.LoginSteps.login_response_status_code_should_be(LoginSteps.java:38)
at ✽.login response status code should be 401(file:///C:/Users/pc/Documents/tahaq-lims-api-automation/src/test/resources/features/login.feature:15)
... Removed 7 stack frames]]>
    </failure>
  </testcase> <!-- runScenario -->
  <testcase classname="io.cucumber.testng.AbstractTestNGCucumberTests" name="runScenario" time="0.36"/>
  <testcase classname="io.cucumber.testng.AbstractTestNGCucumberTests" name="runScenario" time="0.598"/>
  <testcase classname="io.cucumber.testng.AbstractTestNGCucumberTests" name="runScenario" time="0.685"/>
</testsuite> <!-- Login Smoke Tests -->
