<?xml version="1.0" encoding="UTF-8"?>
<!-- Generated by org.testng.reporters.JUnitXMLReporter -->
<testsuite ignored="0" hostname="DESKTOP-AJ93L61" failures="1" tests="2" name="Login Smoke Tests" time="5.337" errors="0" timestamp="2026-05-28T23:28:53 PKT">
  <testcase classname="io.cucumber.testng.AbstractTestNGCucumberTests" name="runScenario" time="3.67">
    <failure type="java.lang.AssertionError" message="expected [401] but found [400]">
      <![CDATA[java.lang.AssertionError: expected [401] but found [400]
at validations.LoginValidation.validateStatusCode(LoginValidation.java:10)
at stepdefinitions.LoginSteps.login_response_status_code_should_be(LoginSteps.java:38)
at ✽.login response status code should be 401(file:///C:/Users/pc/Documents/tahaq-lims-api-automation/src/test/resources/features/login.feature:7)
... Removed 7 stack frames]]>
    </failure>
  </testcase> <!-- runScenario -->
  <testcase classname="io.cucumber.testng.AbstractTestNGCucumberTests" name="runScenario" time="1.181"/>
</testsuite> <!-- Login Smoke Tests -->
