<?xml version="1.0" encoding="UTF-8"?>
<testsuite xmlns:xsi="http://www.w3.org/2001/XMLSchema-instance" xsi:noNamespaceSchemaLocation="https://maven.apache.org/surefire/maven-surefire-plugin/xsd/surefire-test-report-3.0.xsd" version="3.0" name="TestSuite" time="5.707" tests="2" errors="0" skipped="0" failures="1">
  <properties>
[...]
</properties>
  <testcase name="runScenario[&quot;Login fails with invalid credentials&quot;, &quot;Login API Smoke Flow&quot;](1)" classname="runners.TestRunner" time="3.672">
    <failure message="expected [401] but found [400]" type="java.lang.AssertionError"><![CDATA[java.lang.AssertionError: expected [401] but found [400]
	at org.testng.Assert.fail(Assert.java:111)
	at org.testng.Assert.failNotEquals(Assert.java:1578)
	at org.testng.Assert.assertEqualsImpl(Assert.java:150)
	at org.testng.Assert.assertEquals(Assert.java:132)
	at org.testng.Assert.assertEquals(Assert.java:1419)
	at org.testng.Assert.assertEquals(Assert.java:1383)
	at org.testng.Assert.assertEquals(Assert.java:1429)
	at validations.LoginValidation.validateStatusCode(LoginValidation.java:10)
	at stepdefinitions.LoginSteps.login_response_status_code_should_be(LoginSteps.java:38)
	at ✽.login response status code should be 401(file:///C:/Users/pc/Documents/tahaq-lims-api-automation/src/test/resources/features/login.feature:7)
]]></failure>
    <system-out><![CDATA[
@Smoke @Negative
Scenario: Login fails with invalid credentials    # src/test/resources/features/login.feature:4

========== LOGIN RESPONSE ==========
Status Code : 400

========== RESPONSE BODY ==========
{
    "isApiHandled": true,
    "isRequestSuccess": false,
    "statusCode": 400,
    "message": "Invalid credentials.",
    "data": null,
    "exception": [
        
    ]
}
====================================

  Given user login with invalid credentials       # stepdefinitions.LoginSteps.user_login_with_invalid_credentials()
  Then login response status code should be 401   # stepdefinitions.LoginSteps.login_response_status_code_should_be(int)
      java.lang.AssertionError: expected [401] but found [400]
	at org.testng.Assert.fail(Assert.java:111)
	at org.testng.Assert.failNotEquals(Assert.java:1578)
	at org.testng.Assert.assertEqualsImpl(Assert.java:150)
	at org.testng.Assert.assertEquals(Assert.java:132)
	at org.testng.Assert.assertEquals(Assert.java:1419)
	at org.testng.Assert.assertEquals(Assert.java:1383)
	at org.testng.Assert.assertEquals(Assert.java:1429)
	at validations.LoginValidation.validateStatusCode(LoginValidation.java:10)
	at stepdefinitions.LoginSteps.login_response_status_code_should_be(LoginSteps.java:38)
	at ✽.login response status code should be 401(file:///C:/Users/pc/Documents/tahaq-lims-api-automation/src/test/resources/features/login.feature:7)

  And login response should contain error message # stepdefinitions.LoginSteps.login_response_should_contain_error_message()
❌ FAILED: Login fails with invalid credentials
ClickUp task created for failed scenario: Login fails with invalid credentials
----------------------------------
TOTAL PASSED: 0
TOTAL FAILED: 1
----------------------------------
]]></system-out>
    <system-err><![CDATA[SLF4J: Failed to load class "org.slf4j.impl.StaticLoggerBinder".
SLF4J: Defaulting to no-operation (NOP) logger implementation
SLF4J: See http://www.slf4j.org/codes.html#StaticLoggerBinder for further details.
]]></system-err>
  </testcase>
  <testcase name="runScenario[&quot;Create role with actions and assign role to new user&quot;, &quot;User Role Management Smoke Flow&quot;](2)" classname="runners.TestRunner" time="1.179">
    <system-out><![CDATA[
@Smoke @UserRole
Scenario: Create role with actions and assign role to new user # src/test/resources/features/userRoleSmoke.feature:4

========== LOGIN RESPONSE ==========
Status Code : 200

========== RESPONSE BODY ==========
{
    "isApiHandled": true,
    "isRequestSuccess": true,
    "statusCode": 200,
    "message": "Success",
    "data": {
        "name": "Super",
        "email": "quality@inspection.com",
        "userId": "72990663-2edc-4c10-b331-cd1c65e477e0",
        "userCode": "USR-019",
        "userType": "SuperAdmin",
        "token": "eyJhbGciOiJIUzI1NiIsInR5cCI6IkpXVCJ9.eyJFbWFpbCI6InF1YWxpdHlAaW5zcGVjdGlvbi5jb20iLCJVc2VySWQiOiI3Mjk5MDY2My0yZWRjLTRjMTAtYjMzMS1jZDFjNjVlNDc3ZTAiLCJVc2VyVHlwZSI6IlN1cGVyQWRtaW4iLCJSZXNvdXJjZXMiOiIiLCJuYmYiOjE3Nzk5OTI5MTIsImV4cCI6MTc4MDAwMDExMSwiaWF0IjoxNzc5OTkyOTEyfQ.o7lZyuu1cdQtaQhuN0Te3A4mqPjLebQMd0IwpSDOqD4",
        "refreshToken": "72990663-2edc-4c10-b331-cd1c65e477e0",
        "roleAndActions": [
            {
                "userRoleAssignDate": "2026-03-30T06:38:44Z",
                "actions": [
                    
                ],
                "createdBy": "72990663-2edc-4c10-b331-cd1c65e477e0",
                "updatedBy": "72990663-2edc-4c10-b331-cd1c65e477e0",
                "updatedDate": "2026-03-30T06:38:44Z",
                "createdDate": "2026-03-30T06:38:44Z",
                "isActive": true,
                "id": "78f4b56a-3fa3-4067-b641-7adb0a7a2ca7",
                "name": "SuperAdmin",
                "tag": "DefaultSuperAdminTag",
                "roleCode": null,
                "description": null
            }
        ]
    },
    "exception": [
        
    ]
}
====================================

  Given user login with valid credentials                      # stepdefinitions.LoginSteps.user_login_with_valid_credentials()

========== CREATE ROLE RESPONSE ==========
Status Code : 201

========== RESPONSE BODY ==========
{
    "isApiHandled": true,
    "isRequestSuccess": true,
    "statusCode": 201,
    "message": "Success",
    "data": "1f178de5-1ce3-4cae-8091-97bf6a6ebd5a",
    "exception": [
        
    ]
}
====================================

  When admin creates a new lab role                            # stepdefinitions.RoleSteps.admin_creates_a_new_lab_role()
Created Role ID : 1f178de5-1ce3-4cae-8091-97bf6a6ebd5a
  Then role should be created successfully                     # stepdefinitions.RoleSteps.role_should_be_created_successfully()

===== ASSIGN ACTIONS TO ROLE RESPONSE =====
Status Code : 201

========== RESPONSE BODY ==========
{
    "isApiHandled": true,
    "isRequestSuccess": true,
    "statusCode": 201,
    "message": "Success",
    "data": true,
    "exception": [
        
    ]
}
====================================

  When admin assigns actions to created role                   # stepdefinitions.RoleSteps.admin_assigns_actions_to_created_role()
  Then actions should be assigned to role successfully         # stepdefinitions.RoleSteps.actions_should_be_assigned_to_role_successfully()

========== CREATE USER RESPONSE ==========
Status Code : 201

========== RESPONSE BODY ==========
{
    "isApiHandled": true,
    "isRequestSuccess": true,
    "statusCode": 201,
    "message": "Success",
    "data": {
        "userId": "gQ6QOTduQ8",
        "userCode": "USR-072",
        "userProfileId": "z7oeLn3XKm",
        "customRoleId": null,
        "isSuccess": false
    },
    "exception": [
        
    ]
}
====================================

  When admin creates a new user with created role              # stepdefinitions.UserSteps.admin_creates_a_new_user_with_created_role()
Created User ID : gQ6QOTduQ8
  Then user should be created successfully                     # stepdefinitions.UserSteps.user_should_be_created_successfully()

========== GET USER RESPONSE ==========
Status Code : 200

========== RESPONSE BODY ==========
{
    "isApiHandled": true,
    "isRequestSuccess": true,
    "statusCode": 200,
    "message": "Success",
    "data": {
        "userId": "gQ6QOTduQ8",
        "userCode": "USR-072",
        "name": "Lab User 9614",
        "email": "labuser9614@mailinator.com",
        "userType": "LabRole_2576",
        "createdBy": "72990663-2edc-4c10-b331-cd1c65e477e0",
        "createdDate": "2026-05-28T18:28:32.725871Z",
        "isActive": true,
        "updatedBy": "72990663-2edc-4c10-b331-cd1c65e477e0",
        "updatedDate": "2026-05-28T18:28:32.725871Z",
        "expiryDate": "2026-06-04T18:28:32.7463Z",
        "isRefreshTokenRevoable": true,
        "userProfileId": "z7oeLn3XKm",
        "contactNo": "03001239614",
        "address": "Karachi",
        "departmentId": null,
        "departmentName": null,
        "totalRoles": 1,
        "roles": [
            {
                "roleId": "1f178de5-1ce3-4cae-8091-97bf6a6ebd5a",
                "roleName": "LabRole_2576",
                "roleCode": "ROLE-192"
            }
        ]
    },
    "exception": [
        
    ]
}
====================================

  When admin fetches created user details                      # stepdefinitions.UserSteps.admin_fetches_created_user_details()
  Then created user should have assigned role                  # stepdefinitions.UserSteps.created_user_should_have_assigned_role()

========== DELETE USER RESPONSE ==========
Status Code : 200
{
    "isApiHandled": true,
    "isRequestSuccess": true,
    "statusCode": 200,
    "message": "Success",
    "data": true,
    "exception": [
        
    ]
}
====================================

  When admin deletes created user                              # stepdefinitions.UserSteps.admin_deletes_created_user()
  Then user should be deleted successfully                     # stepdefinitions.UserSteps.user_should_be_deleted_successfully()
✅ PASSED: Create role with actions and assign role to new user
----------------------------------
TOTAL PASSED: 1
TOTAL FAILED: 1
----------------------------------
]]></system-out>
  </testcase>
</testsuite>