<?xml version="1.0" encoding="UTF-8"?>
<testng-results ignored="0" total="2" passed="1" failed="1" skipped="0">
  <reporter-output>
  </reporter-output>
  <suite started-at="2026-05-28T23:28:47 PKT" name="API Automation Smoke Suite" finished-at="2026-05-28T23:28:53 PKT" duration-ms="5337">
    <groups>
      <group name="cucumber">
        <method signature="AbstractTestNGCucumberTests.runScenario(io.cucumber.testng.PickleWrapper,io.cucumber.testng.FeatureWrapper)[pri:0, instance:runners.TestRunner@63a65a25]" name="runScenario" class="io.cucumber.testng.AbstractTestNGCucumberTests"/>
      </group> <!-- cucumber -->
    </groups>
    <test started-at="2026-05-28T23:28:47 PKT" name="Login Smoke Tests" finished-at="2026-05-28T23:28:53 PKT" duration-ms="5337">
      <class name="runners.TestRunner">
        <test-method is-config="true" signature="setUpClass(org.testng.ITestContext)[pri:0, instance:runners.TestRunner@63a65a25]" started-at="2026-05-28T23:28:47 PKT" name="setUpClass" finished-at="2026-05-28T23:28:48 PKT" duration-ms="416" status="PASS">
          <params>
            <param index="0">
              <value>
                <![CDATA[org.testng.TestRunner@3303e89e]]>
              </value>
            </param>
          </params>
          <reporter-output>
          </reporter-output>
        </test-method> <!-- setUpClass -->
        <test-method signature="runScenario(io.cucumber.testng.PickleWrapper,io.cucumber.testng.FeatureWrapper)[pri:0, instance:runners.TestRunner@63a65a25]" started-at="2026-05-28T23:28:48 PKT" name="runScenario" description="Runs Cucumber Scenarios" data-provider="scenarios" finished-at="2026-05-28T23:28:51 PKT" duration-ms="3670" status="FAIL">
          <params>
            <param index="0">
              <value>
                <![CDATA["Login fails with invalid credentials"]]>
              </value>
            </param>
            <param index="1">
              <value>
                <![CDATA["Login API Smoke Flow"]]>
              </value>
            </param>
          </params>
          <exception class="java.lang.AssertionError">
            <message>
              <![CDATA[expected [401] but found [400]]]>
            </message>
            <full-stacktrace>
              <![CDATA[java.lang.AssertionError: expected [401] but found [400]
at org.testng.Assert.fail(Assert.java:111)
at org.testng.Assert.failNotEquals(Assert.java:1578)
at org.testng.Assert.assertEqualsImpl(Assert.java:150)
at org.testng.Assert.assertEquals(Assert.java:132)
at org.testng.Assert.assertEquals(Assert.java:1419)
at org.testng.Assert.assertEquals(Assert.java:1383)
at org.testng.Assert.assertEquals(Assert.java:1429)
at validations.LoginValidation.validateStatusCode(LoginValidation.java:10)
at stepdefinitions.LoginSteps.login_response_status_code_should_be(LoginSteps.java:38)
at ✽.login response status code should be 401(file:///C:/Users/pc/Documents/tahaq-lims-api-automation/src/test/resources/features/login.feature:7)
]]>
            </full-stacktrace>
          </exception> <!-- java.lang.AssertionError -->
          <reporter-output>
          </reporter-output>
        </test-method> <!-- runScenario -->
        <test-method signature="runScenario(io.cucumber.testng.PickleWrapper,io.cucumber.testng.FeatureWrapper)[pri:0, instance:runners.TestRunner@63a65a25]" started-at="2026-05-28T23:28:51 PKT" name="runScenario" description="Runs Cucumber Scenarios" data-provider="scenarios" finished-at="2026-05-28T23:28:53 PKT" duration-ms="1181" status="PASS">
          <params>
            <param index="0">
              <value>
                <![CDATA["Create role with actions and assign role to new user"]]>
              </value>
            </param>
            <param index="1">
              <value>
                <![CDATA["User Role Management Smoke Flow"]]>
              </value>
            </param>
          </params>
          <reporter-output>
          </reporter-output>
        </test-method> <!-- runScenario -->
        <test-method is-config="true" signature="tearDownClass()[pri:0, instance:runners.TestRunner@63a65a25]" started-at="2026-05-28T23:28:53 PKT" name="tearDownClass" finished-at="2026-05-28T23:28:53 PKT" duration-ms="39" status="PASS">
          <reporter-output>
          </reporter-output>
        </test-method> <!-- tearDownClass -->
      </class> <!-- runners.TestRunner -->
    </test> <!-- Login Smoke Tests -->
  </suite> <!-- API Automation Smoke Suite -->
</testng-results>
