<?xml version="1.0" encoding="UTF-8"?>
<!-- Generated by org.testng.reporters.JUnitReportReporter -->
<testsuite hostname="DESKTOP-AJ93L61" failures="1" tests="2" name="runners.TestRunner" time="4.851" errors="0" timestamp="2026-05-28T23:28:53 PKT" skipped="0">
  <testcase classname="runners.TestRunner" name="runScenario" time="1.181"/>
  <testcase classname="runners.TestRunner" name="runScenario" time="3.670">
    <failure message="expected [401] but found [400]" type="java.lang.AssertionError">
      <![CDATA[java.lang.AssertionError: expected [401] but found [400]
at org.testng.Assert.fail(Assert.java:111)
at org.testng.Assert.failNotEquals(Assert.java:1578)
at org.testng.Assert.assertEqualsImpl(Assert.java:150)
at org.testng.Assert.assertEquals(Assert.java:132)
at org.testng.Assert.assertEquals(Assert.java:1419)
at org.testng.Assert.assertEquals(Assert.java:1383)
at org.testng.Assert.assertEquals(Assert.java:1429)
at validations.LoginValidation.validateStatusCode(LoginValidation.java:10)
at stepdefinitions.LoginSteps.login_response_status_code_should_be(LoginSteps.java:38)
at ✽.login response status code should be 401(file:///C:/Users/pc/Documents/tahaq-lims-api-automation/src/test/resources/features/login.feature:7)
]]>
    </failure>
  </testcase> <!-- runScenario -->
</testsuite> <!-- runners.TestRunner -->
